<?xml version="1.0" encoding="UTF-8"?>
<testng-results ignored="0" total="3" passed="3" failed="0" skipped="0">
  <reporter-output>
  </reporter-output>
  <suite started-at="2024-10-04T17:46:10 IST" name="Reports" finished-at="2024-10-04T17:46:34 IST" duration-ms="24642">
    <groups>
    </groups>
    <test started-at="2024-10-04T17:46:10 IST" name="Amazon" finished-at="2024-10-04T17:46:34 IST" duration-ms="24642">
      <class name="baseClass.Amazon">
        <test-method is-config="true" signature="BrowserSetup()[pri:0, instance:baseClass.Amazon@14028087]" started-at="2024-10-04T17:46:10 IST" name="BrowserSetup" finished-at="2024-10-04T17:46:11 IST" duration-ms="1204" status="PASS">
          <reporter-output>
          </reporter-output>
        </test-method> <!-- BrowserSetup -->
        <test-method signature="home()[pri:1, instance:baseClass.Amazon@14028087]" started-at="2024-10-04T17:46:11 IST" name="home" finished-at="2024-10-04T17:46:15 IST" duration-ms="3995" status="PASS">
          <reporter-output>
          </reporter-output>
        </test-method> <!-- home -->
        <test-method is-config="true" signature="debug()[pri:0, instance:baseClass.Amazon@14028087]" started-at="2024-10-04T17:46:15 IST" name="debug" finished-at="2024-10-04T17:46:18 IST" duration-ms="3014" status="PASS">
          <reporter-output>
          </reporter-output>
        </test-method> <!-- debug -->
        <test-method signature="item()[pri:2, instance:baseClass.Amazon@14028087]" started-at="2024-10-04T17:46:18 IST" name="item" finished-at="2024-10-04T17:46:18 IST" depends-on-methods="baseClass.Amazon.home" duration-ms="505" status="PASS">
          <reporter-output>
          </reporter-output>
        </test-method> <!-- item -->
        <test-method is-config="true" signature="debug()[pri:0, instance:baseClass.Amazon@14028087]" started-at="2024-10-04T17:46:18 IST" name="debug" finished-at="2024-10-04T17:46:21 IST" duration-ms="3006" status="PASS">
          <reporter-output>
          </reporter-output>
        </test-method> <!-- debug -->
        <test-method signature="cart()[pri:3, instance:baseClass.Amazon@14028087]" started-at="2024-10-04T17:46:21 IST" name="cart" finished-at="2024-10-04T17:46:29 IST" depends-on-methods="baseClass.Amazon.item" duration-ms="7599" status="PASS">
          <reporter-output>
          </reporter-output>
        </test-method> <!-- cart -->
        <test-method is-config="true" signature="debug()[pri:0, instance:baseClass.Amazon@14028087]" started-at="2024-10-04T17:46:29 IST" name="debug" finished-at="2024-10-04T17:46:32 IST" duration-ms="3010" status="PASS">
          <reporter-output>
          </reporter-output>
        </test-method> <!-- debug -->
        <test-method is-config="true" signature="teardown()[pri:0, instance:baseClass.Amazon@14028087]" started-at="2024-10-04T17:46:32 IST" name="teardown" finished-at="2024-10-04T17:46:34 IST" duration-ms="2246" status="PASS">
          <reporter-output>
          </reporter-output>
        </test-method> <!-- teardown -->
      </class> <!-- baseClass.Amazon -->
    </test> <!-- Amazon -->
  </suite> <!-- Reports -->
</testng-results>
